0.8451 	WARNING 	We strongly recommend you activate the PTB sound engine in PsychoPy prefs as the preferred audio engine. Its timing is vastly superior. Your prefs are currently set to use ['sounddevice', 'PTB', 'pyo', 'pygame'] (in that order).
8.7946 	WARNING 	User requested fullscreen with size [1024  768], but screen is actually [2048, 1152]. Using actual size
9.5384 	EXP 	Created window1 = Window(allowGUI=False, allowStencil=False, args=UNKNOWN, autoLog=True, bitsMode=UNKNOWN, blendMode='avg', bpc=(8, 8, 8), color=array([0., 0., 0.]), colorSpace='rgb', depthBits=8, fullscr=<method-wrapper '__getattribute__' of attributeSetter object at 0x1523889e8>, gamma=None, gammaErrorPolicy='raise', kwargs=UNKNOWN, lms=UNKNOWN, monitor=<psychopy.monitors.calibTools.Monitor object at 0x152240898>, multiSample=False, name='window1', numSamples=2, pos=[512.0, 288.0], screen=0, size=array([4096, 2304]), stencilBits=0, stereo=False, units='height', useFBO=True, useRetina=True, viewOri=0.0, viewPos=None, viewScale=None, waitBlanking=True, winType='pyglet')
9.5386 	EXP 	window1: mouseVisible = True
9.5386 	EXP 	window1: recordFrameIntervals = False
9.7045 	EXP 	window1: recordFrameIntervals = True
9.8604 	WARNING 	t of last frame was 22.51ms (=1/44)
10.0389 	EXP 	window1: recordFrameIntervals = False
10.1027 	EXP 	Created polygon = Rect(__class__=<class 'psychopy.visual.rect.Rect'>, autoDraw=False, autoLog=True, closeShape=True, color=method-wrapper(...), colorSpace=None, contrast=1.0, depth=0.0, fillColor=array([1., 1., 1.]), fillColorSpace='rgb', fillRGB=array([1., 1., 1.]), interpolate=True, lineColor=array([1., 1., 1.]), lineColorSpace='rgb', lineRGB=array([1., 1., 1.]), lineWidth=1, name='polygon', opacity=1.0, ori=array(0.), pos=array([0., 0.]), size=array([0.5, 0.5]), units='height', vertices=ndarray(...), win=Window(...))
10.1121 	EXP 	Created grating = GratingStim(__class__=<class 'psychopy.visual.grating.GratingStim'>, autoDraw=False, autoLog=True, blendmode='avg', color=array([1., 1., 1.]), colorSpace='rgb', contrast=1.0, depth=0.0, interpolate=True, mask=None, maskParams=None, name='grating', opacity=1.0, ori=0.0, phase=array([0., 0.]), pos=array([0., 0.]), rgbPedestal=array([0., 0., 0.]), sf=array([1., 1.]), size=array([0.5, 0.5]), tex='sin', texRes=512, units='height', win=Window(...))
10.1123 	EXP 	Created sequence: sequential, trialTypes=1, nReps=5, seed=None
10.1125 	EXP 	New trial (rep=0, index=0): None
10.1380 	EXP 	polygon: autoDraw = True
11.1715 	EXP 	polygon: autoDraw = False
11.1715 	EXP 	grating: autoDraw = True
15.1262 	EXP 	New trial (rep=1, index=0): None
15.1420 	EXP 	grating: autoDraw = False
15.1420 	EXP 	polygon: autoDraw = True
16.1422 	EXP 	polygon: autoDraw = False
16.1422 	EXP 	grating: autoDraw = True
20.1131 	EXP 	New trial (rep=2, index=0): None
20.1282 	EXP 	grating: autoDraw = False
20.1282 	EXP 	polygon: autoDraw = True
21.1286 	EXP 	polygon: autoDraw = False
21.1286 	EXP 	polygon: autoDraw = False
21.1286 	EXP 	grating: autoDraw = True
25.1158 	EXP 	New trial (rep=3, index=0): None
25.1317 	EXP 	grating: autoDraw = False
25.1317 	EXP 	polygon: autoDraw = True
26.1327 	EXP 	polygon: autoDraw = False
26.1327 	EXP 	grating: autoDraw = True
29.2069 	DATA 	Keypress: escape
29.5730 	EXP 	window1: mouseVisible = True
