1.2507 	WARNING 	We strongly recommend you activate the PTB sound engine in PsychoPy prefs as the preferred audio engine. Its timing is vastly superior. Your prefs are currently set to use ['sounddevice', 'PTB', 'pyo', 'pygame'] (in that order).
12.5605 	WARNING 	User requested fullscreen with size [1024  768], but screen is actually [2048, 1152]. Using actual size
13.3224 	EXP 	Created window1 = Window(allowGUI=False, allowStencil=False, args=UNKNOWN, autoLog=True, bitsMode=UNKNOWN, blendMode='avg', bpc=(8, 8, 8), color=array([0., 0., 0.]), colorSpace='rgb', depthBits=8, fullscr=<method-wrapper '__getattribute__' of attributeSetter object at 0x1518bf9e8>, gamma=None, gammaErrorPolicy='raise', kwargs=UNKNOWN, lms=UNKNOWN, monitor=<psychopy.monitors.calibTools.Monitor object at 0x1525a77b8>, multiSample=False, name='window1', numSamples=2, pos=[512.0, 288.0], screen=0, size=array([4096, 2304]), stencilBits=0, stereo=False, units='height', useFBO=True, useRetina=True, viewOri=0.0, viewPos=None, viewScale=None, waitBlanking=True, winType='pyglet')
13.3226 	EXP 	window1: mouseVisible = True
13.3226 	EXP 	window1: recordFrameIntervals = False
13.4886 	EXP 	window1: recordFrameIntervals = True
13.6721 	EXP 	window1: recordFrameIntervals = False
13.7891 	EXP 	Created noise = NoiseStim(__class__=<class 'psychopy.visual.noise.NoiseStim'>, autoDraw=False, autoLog=True, blendmode='avg', color=array([1., 1., 1.]), colorSpace='rgb', contrast=1.0, depth=0.0, interpolate=False, mask='none', maskParams=None, name='noise', opacity=1.0, ori=0.0, phase=array([0., 0.]), pos=array([0., 0.]), rgbPedestal=array([0., 0., 0.]), sf=array([1., 1.]), size=array([0.5, 0.5]), tex='sin', texRes=128, units='height', win=Window(...))
13.9073 	EXP 	Created dots = DotStim(__class__=<class 'psychopy.visual.dot.DotStim'>, autoLog=True, coherence=1.0, color=array([1., 1., 1.]), colorSpace='rgb', contrast=1.0, depth=-1.0, dir=0.0, dotLife=3, dotSize=4, element=None, fieldPos=array([0., 0.]), fieldShape='circle', fieldSize=array([1., 1.]), nDots=100, name='dots', noiseDots='direction', opacity=1.0, rgb=array([1., 1., 1.]), signalDots='same', speed=0.1, units='height', win=Window(...))
13.9352 	EXP 	noise: blendmode = 'avg'
13.9352 	EXP 	noise: mask = None
13.9352 	EXP 	noise: texRes = 1024
13.9352 	EXP 	noise: noiseType = 'Binary'
13.9352 	EXP 	noise: noiseImage = None
13.9352 	EXP 	noise: noiseElementSize = 0.3
13.9352 	EXP 	noise: noiseBaseSf = 8.0
13.9352 	EXP 	noise: noiseBW = 1.0
13.9352 	EXP 	noise: noiseBWO = 30.0
13.9352 	EXP 	noise: noiseFractalPower = 0.0
13.9352 	EXP 	noise: noiseFilterUpper = 8.0
13.9352 	EXP 	noise: noiseFilterLower = 1.0
13.9352 	EXP 	noise: noiseFilterOrder = 0.0
13.9352 	EXP 	noise: noiseClip = 3.0
13.9352 	EXP 	noise: filter = None
13.9352 	EXP 	noise: tex = array([[ 1.,  1.],
       [-1., -1.]])
13.9352 	EXP 	noise: tex = array([[ 1., -1.],
       [ 1., -1.]])
13.9352 	EXP 	noise: autoDraw = True
13.9352 	EXP 	dots: autoDraw = True
14.9383 	EXP 	noise: autoDraw = False
14.9383 	EXP 	dots: autoDraw = False
15.2096 	EXP 	window1: mouseVisible = True
