1.2148 	WARNING 	We strongly recommend you activate the PTB sound engine in PsychoPy prefs as the preferred audio engine. Its timing is vastly superior. Your prefs are currently set to use ['sounddevice', 'PTB', 'pyo', 'pygame'] (in that order).
15.4352 	WARNING 	User requested fullscreen with size [1024  768], but screen is actually [2048, 1152]. Using actual size
16.1808 	EXP 	Created window1 = Window(allowGUI=False, allowStencil=False, args=UNKNOWN, autoLog=True, bitsMode=UNKNOWN, blendMode='avg', bpc=(8, 8, 8), color=array([0., 0., 0.]), colorSpace='rgb', depthBits=8, fullscr=<method-wrapper '__getattribute__' of attributeSetter object at 0x151afb9e8>, gamma=None, gammaErrorPolicy='raise', kwargs=UNKNOWN, lms=UNKNOWN, monitor=<psychopy.monitors.calibTools.Monitor object at 0x1526d3278>, multiSample=False, name='window1', numSamples=2, pos=[512.0, 288.0], screen=0, size=array([4096, 2304]), stencilBits=0, stereo=False, units='height', useFBO=True, useRetina=True, viewOri=0.0, viewPos=None, viewScale=None, waitBlanking=True, winType='pyglet')
16.1810 	EXP 	window1: mouseVisible = True
16.1811 	EXP 	window1: recordFrameIntervals = False
16.3468 	EXP 	window1: recordFrameIntervals = True
16.5309 	EXP 	window1: recordFrameIntervals = False
16.7162 	EXP 	Created noise = NoiseStim(__class__=<class 'psychopy.visual.noise.NoiseStim'>, autoDraw=False, autoLog=True, blendmode='avg', color=array([1., 1., 1.]), colorSpace='rgb', contrast=1.0, depth=0.0, interpolate=False, mask='none', maskParams=None, name='noise', opacity=1.0, ori=0.0, phase=array([0., 0.]), pos=array([0., 0.]), rgbPedestal=array([0., 0., 0.]), sf=array([1., 1.]), size=array([0.5, 0.5]), tex='sin', texRes=128, units='height', win=Window(...))
16.7936 	EXP 	noise: blendmode = 'avg'
16.7936 	EXP 	noise: mask = None
16.7936 	EXP 	noise: texRes = 1024
16.7936 	EXP 	noise: noiseType = 'Binary'
16.7936 	EXP 	noise: noiseImage = None
16.7936 	EXP 	noise: noiseElementSize = 0.3
16.7936 	EXP 	noise: noiseBaseSf = 8.0
16.7936 	EXP 	noise: noiseBW = 1.0
16.7936 	EXP 	noise: noiseBWO = 30.0
16.7936 	EXP 	noise: noiseFractalPower = 0.0
16.7936 	EXP 	noise: noiseFilterUpper = 8.0
16.7936 	EXP 	noise: noiseFilterLower = 1.0
16.7936 	EXP 	noise: noiseFilterOrder = 0.0
16.7936 	EXP 	noise: noiseClip = 3.0
16.7936 	EXP 	noise: filter = None
16.7936 	EXP 	noise: tex = array([[ 1., -1.],
       [-1.,  1.]])
16.7936 	EXP 	noise: tex = array([[-1.,  1.],
       [ 1., -1.]])
16.7936 	EXP 	noise: autoDraw = True
17.7974 	EXP 	noise: autoDraw = False
18.0713 	EXP 	window1: mouseVisible = True
